1                                                                                  "MAD" Version: 8.23/08   Run: 27/05/08  16.25.27
 Coupled lattice functions.   TWISS               line: RING_RING                  range: #S/#E                                   
 Delta(p)/p:     0.000000     symm: F             super:   1                                                             page     1
 ----------------------------------------------------------------------------------------------------------------------------------
      ELEMENT SEQUENCE       I            M O D E S            I   C O U P L I N G   I      O R B I T      I D I S P E R S I O N
 pos.  element occ.     dist I      beta1     alfa1     mu1    I    R(1,1)    R(1,2) I    x(co)     px(co) I    Dx        Dpx
 no.   name    no.      [m]  I      [m]       [1]       [2pi]  I    [1]       [m]    I    [mm]      [.001] I    [m]       [1]
                             I      beta2     alfa2     mu2    I    R(2,1)    R(2,2) I    y(co)     py(co) I    Dy        Dpy
                             I      [m]       [1]       [2pi]  I    [1/m]     [1]    I    [mm]      [.001] I    [m]       [1]
 ----------------------------------------------------------------------------------------------------------------------------------
 begin RING_RIN   1    0.0000      9.6294    0.0926    0.0000      0.0100   -0.0948      6.8810    1.4614     -0.1397    0.0132
                                  10.9093    0.0144    0.0000      0.0001    0.0086     25.0573    0.1263      0.0823   -0.0004
 end   RING_RIN   1  248.0300      9.6294    0.0926    6.3863      0.0100   -0.0948      6.8810    1.4614     -0.1397    0.0132
                                  10.9093    0.0144    6.3356      0.0001    0.0086     25.0573    0.1263      0.0823   -0.0004
 ----------------------------------------------------------------------------------------------------------------------------------
 total length =        248.029999          Q1           =          6.386280          Q2           =          6.335645
 delta(s)     =        -69.973208 mm
 alfa         =          0.346963E-01      betax(max)   =         28.915321          betay(max)   =         14.831808
 gamma(tr)    =          5.368568          Dx(max)      =          4.417358          Dy(max)      =          0.118324
                                           Dx(r.m.s.)   =          1.968814          Dy(r.m.s.)   =          0.062658
                                           xco(max)     =         40.505581          yco(max)     =         25.423208
                                           xco(r.m.s.)  =         13.320658          yco(r.m.s.)  =          6.435832
 ----------------------------------------------------------------------------------------------------------------------------------
