#
# A fatal error has been detected by the Java Runtime Environment:
#
#  EXCEPTION_ACCESS_VIOLATION (0xc0000005) at pc=0xf83ea25d, pid=2996, tid=4568
#
# JRE version: 6.0_17-b04
# Java VM: Java HotSpot(TM) Client VM (14.3-b01 mixed mode windows-x86 )
# Problematic frame:
# C  0xf83ea25d
#
# If you would like to submit a bug report, please visit:
#   http://java.sun.com/webapps/bugreport/crash.jsp
# The crash happened outside the Java Virtual Machine in native code.
# See problematic frame for where to report the bug.
#

---------------  T H R E A D  ---------------

Current thread (0x0c362400):  JavaThread "Thread-93" [_thread_in_native, id=4568, stack(0x239b0000,0x23a30000)]

siginfo: ExceptionCode=0xc0000005, reading address 0xf83ea25d

Registers:
EAX=0x3b192eb6, EBX=0x00010272, ECX=0x00000000, EDX=0x29752170
ESP=0x23a2e648, EBP=0x23a2e65c, ESI=0x00000000, EDI=0x001912e8
EIP=0xf83ea25d, EFLAGS=0x00010202

Top of Stack: (sp=0x23a2e648)
0x23a2e648:   3b095731 00010272 00000000 297533e0
0x23a2e658:   00000000 23a2e6a4 3b09f7df 00010272
0x23a2e668:   00000000 297533e0 001912e8 00010272
0x23a2e678:   3b098999 00000000 0000c117 7c91005d
0x23a2e688:   3b0956be 00010272 00000002 7473e1d7
0x23a2e698:   7473e1fc 00000000 40000000 23a2e7c8
0x23a2e6a8:   747402d8 23a2e830 7474021e 00000000
0x23a2e6b8:   038c0000 038c0000 001713b8 002d120a 

Instructions: (pc=0xf83ea25d)
0xf83ea24d:   
[error occurred during error reporting (printing registers, top of stack, instructions near pc), id 0xc0000005]

Stack: [0x239b0000,0x23a30000],  sp=0x23a2e648,  free space=505k
Native frames: (J=compiled Java code, j=interpreted, Vv=VM code, C=native code)
C  0xf83ea25d
C  0x3b09f7df
C  [MSCTF.dll+0x202d8]
C  [USER32.dll+0x8734]
C  [USER32.dll+0x8816]
C  [USER32.dll+0x89cd]
C  [USER32.dll+0x8a10]
C  [USER32.dll+0x17721]
C  [USER32.dll+0x149c4]
C  [USER32.dll+0x14a06]
C  [USER32.dll+0x2208d]
C  [COMDLG32.dll+0x355f]
C  [COMDLG32.dll+0x2dad7]
C  [COMDLG32.dll+0x3349]
C  [COMDLG32.dll+0x31b7]
C  [COMDLG32.dll+0x17c22]
C  0x736314cc
C  0x736362bf
j  com.mathworks.util.NativeJava.createWindowsFileDialogMulti(JZLjava/lang/String;Ljava/lang/String;Ljava/lang/String;Ljava/lang/String;ZZLjava/lang/String;)Ljava/lang/String;+0
j  com.mathworks.mwswing.MJFileChooserPerPlatform$RunnableWindowsDispatch.run()V+47
j  java.lang.Thread.run()V+11
v  ~StubRoutines::call_stub
V  [jvm.dll+0xecf9c]
V  [jvm.dll+0x1741d1]
V  [jvm.dll+0xed167]
V  [jvm.dll+0xed1dd]
V  [jvm.dll+0x116290]
V  [jvm.dll+0x1d0414]
V  [jvm.dll+0x173e4c]
C  [MSVCR71.dll+0x9565]
C  [kernel32.dll+0xb729]

Java frames: (J=compiled Java code, j=interpreted, Vv=VM code)
j  com.mathworks.util.NativeJava.createWindowsFileDialogMulti(JZLjava/lang/String;Ljava/lang/String;Ljava/lang/String;Ljava/lang/String;ZZLjava/lang/String;)Ljava/lang/String;+0
j  com.mathworks.mwswing.MJFileChooserPerPlatform$RunnableWindowsDispatch.run()V+47
j  java.lang.Thread.run()V+11
v  ~StubRoutines::call_stub

---------------  P R O C E S S  ---------------

Java Threads: ( => current thread )
  0x0c947c00 JavaThread "Foxtrot Multi Worker Thread Runner #3" daemon [_thread_blocked, id=7960, stack(0x23e60000,0x23ee0000)]
=>0x0c362400 JavaThread "Thread-93" [_thread_in_native, id=4568, stack(0x239b0000,0x23a30000)]
  0x0c2d2400 JavaThread "Foxtrot Multi Worker Thread Runner #1" daemon [_thread_blocked, id=7764, stack(0x240e0000,0x24160000)]
  0x0c382400 JavaThread "pool-3-thread-1" [_thread_blocked, id=7992, stack(0x23930000,0x239b0000)]
  0x0cc01c00 JavaThread "RequestQueue for GenericFileList" [_thread_blocked, id=5904, stack(0x07010000,0x07090000)]
  0x0cb02400 JavaThread "Code Analyzer updating thread" [_thread_blocked, id=6328, stack(0x0ff30000,0x0ffb0000)]
  0x0cb35800 JavaThread "Active Reference Queue Daemon" daemon [_thread_blocked, id=7988, stack(0x0f6a0000,0x0f720000)]
  0x0caf9400 JavaThread "Timer-5" daemon [_thread_blocked, id=5532, stack(0x0f620000,0x0f6a0000)]
  0x0cb09400 JavaThread "Timer-4" daemon [_thread_blocked, id=6544, stack(0x0f580000,0x0f600000)]
  0x0ca23800 JavaThread "Prefs Updater" daemon [_thread_blocked, id=6504, stack(0x0f400000,0x0f480000)]
  0x0c952800 JavaThread "Timer-1" [_thread_blocked, id=6708, stack(0x0f300000,0x0f380000)]
  0x0c8a9800 JavaThread "FelixPackageAdmin" daemon [_thread_blocked, id=1240, stack(0x0e1d0000,0x0e250000)]
  0x0c89c800 JavaThread "FelixStartLevel" daemon [_thread_blocked, id=3504, stack(0x0e150000,0x0e1d0000)]
  0x0c8a7400 JavaThread "FelixDispatchQueue" daemon [_thread_blocked, id=3228, stack(0x0e0d0000,0x0e150000)]
  0x0c28a800 JavaThread "TimerQueue" daemon [_thread_blocked, id=7216, stack(0x0c780000,0x0c800000)]
  0x0b8c1800 JavaThread "AWT-EventQueue-0" [_thread_blocked, id=3676, stack(0x0c700000,0x0c780000)]
  0x0c25c400 JavaThread "com.google.common.base.internal.Finalizer" daemon [_thread_blocked, id=7708, stack(0x0c660000,0x0c6e0000)]
  0x0c258800 JavaThread "AWT-Shutdown" [_thread_blocked, id=6712, stack(0x0c5e0000,0x0c660000)]
  0x0bf36800 JavaThread "Timer-0" [_thread_blocked, id=7968, stack(0x0c520000,0x0c5a0000)]
  0x0bf30400 JavaThread "AWT-Windows" daemon [_thread_in_native, id=3852, stack(0x0c490000,0x0c510000)]
  0x0bef1400 JavaThread "Java2D Disposer" daemon [_thread_blocked, id=8104, stack(0x0c390000,0x0c410000)]
  0x0be5ac00 JavaThread "JMI Unnamed Thread" [_thread_in_native, id=4156, stack(0x04590000,0x04d90000)]
  0x03c56c00 JavaThread "Low Memory Detector" daemon [_thread_blocked, id=3900, stack(0x0abc0000,0x0ac40000)]
  0x03c51c00 JavaThread "CompilerThread0" daemon [_thread_blocked, id=7332, stack(0x0a3c0000,0x0abc0000)]
  0x03c50400 JavaThread "Attach Listener" daemon [_thread_blocked, id=1152, stack(0x0a340000,0x0a3c0000)]
  0x03c40000 JavaThread "Finalizer" daemon [_thread_blocked, id=7032, stack(0x0a2c0000,0x0a340000)]
  0x03c3b800 JavaThread "Reference Handler" daemon [_thread_blocked, id=6624, stack(0x0a240000,0x0a2c0000)]
  0x03b7f400 JavaThread "main" [_thread_blocked, id=1148, stack(0x00430000,0x00c30000)]

Other Threads:
  0x03c38800 VMThread [stack: 0x09a40000,0x0a240000] [id=6340]
  0x03c61c00 WatcherThread [stack: 0x0ac40000,0x0b440000] [id=2652]

VM state:not at safepoint (normal execution)

VM Mutex/Monitor currently owned by a thread: None

Heap
 def new generation   total 16256K, used 12117K [0x10010000, 0x111b0000, 0x12010000)
  eden space 14464K,  73% used [0x10010000, 0x10a7d6d0, 0x10e30000)
  from space 1792K,  80% used [0x10e30000, 0x10f98048, 0x10ff0000)
  to   space 1792K,   0% used [0x10ff0000, 0x10ff0000, 0x111b0000)
 tenured generation   total 53908K, used 40364K [0x12010000, 0x154b5000, 0x18010000)
   the space 53908K,  74% used [0x12010000, 0x1477b1b0, 0x1477b200, 0x154b5000)
 compacting perm gen  total 38656K, used 38636K [0x18010000, 0x1a5d0000, 0x1c010000)
   the space 38656K,  99% used [0x18010000, 0x1a5cb0a0, 0x1a5cb200, 0x1a5d0000)
No shared spaces configured.

Dynamic libraries:
0x00400000 - 0x00426000 	C:\Program Files\MATLAB\R2011b\bin\win32\MATLAB.exe
0x7c900000 - 0x7c9b2000 	C:\WINDOWS\system32\ntdll.dll
0x7c800000 - 0x7c8f6000 	C:\WINDOWS\system32\kernel32.dll
0x7ef10000 - 0x7efc8000 	C:\Program Files\MATLAB\R2011b\bin\win32\libut.dll
0x7dce0000 - 0x7dd4a000 	C:\Program Files\MATLAB\R2011b\bin\win32\libmwi18n.dll
0x10000000 - 0x10009000 	C:\Program Files\MATLAB\R2011b\bin\win32\libmwresource_core.dll
0x78480000 - 0x7850e000 	C:\WINDOWS\WinSxS\x86_Microsoft.VC90.CRT_1fc8b3b9a1e18e3b_9.0.30729.5054_x-ww_029f6dc7\MSVCP90.dll
0x78520000 - 0x785c3000 	C:\WINDOWS\WinSxS\x86_Microsoft.VC90.CRT_1fc8b3b9a1e18e3b_9.0.30729.5054_x-ww_029f6dc7\MSVCR90.dll
0x736b0000 - 0x736d3000 	C:\Program Files\MATLAB\R2011b\bin\win32\boost_filesystem-vc90-mt-1_44.dll
0x73f70000 - 0x73f77000 	C:\Program Files\MATLAB\R2011b\bin\win32\boost_system-vc90-mt-1_44.dll
0x77dd0000 - 0x77e6b000 	C:\WINDOWS\system32\ADVAPI32.dll
0x77e70000 - 0x77f03000 	C:\WINDOWS\system32\RPCRT4.dll
0x77fe0000 - 0x77ff1000 	C:\WINDOWS\system32\Secur32.dll
0x73550000 - 0x7356f000 	C:\Program Files\MATLAB\R2011b\bin\win32\LIBEXPAT.dll
0x72eb0000 - 0x73035000 	C:\Program Files\MATLAB\R2011b\bin\win32\icuin44.dll
0x7ea10000 - 0x7eb2f000 	C:\Program Files\MATLAB\R2011b\bin\win32\icuuc44.dll
0x00c30000 - 0x01a71000 	C:\Program Files\MATLAB\R2011b\bin\win32\icudt44.dll
0x002d0000 - 0x003a9000 	C:\Program Files\MATLAB\R2011b\bin\win32\libmwfl.dll
0x73cd0000 - 0x73e78000 	C:\Program Files\MATLAB\R2011b\bin\win32\libmwMATLAB_res.dll
0x003d0000 - 0x003de000 	C:\Program Files\MATLAB\R2011b\bin\win32\boost_date_time-vc90-mt-1_44.dll
0x73c80000 - 0x73c8f000 	C:\Program Files\MATLAB\R2011b\bin\win32\boost_signals-vc90-mt-1_44.dll
0x01a80000 - 0x01a8e000 	C:\Program Files\MATLAB\R2011b\bin\win32\boost_thread-vc90-mt-1_44.dll
0x76c90000 - 0x76cb8000 	C:\WINDOWS\system32\imagehlp.dll
0x77c10000 - 0x77c68000 	C:\WINDOWS\system32\msvcrt.dll
0x76bf0000 - 0x76bfb000 	C:\WINDOWS\system32\PSAPI.DLL
0x01aa0000 - 0x01aaf000 	C:\Program Files\MATLAB\R2011b\bin\win32\icuio44.dll
0x01ac0000 - 0x01b61000 	C:\WINDOWS\system32\dbghelp.dll
0x77c00000 - 0x77c08000 	C:\WINDOWS\system32\VERSION.dll
0x7e410000 - 0x7e4a1000 	C:\WINDOWS\system32\USER32.dll
0x77f10000 - 0x77f59000 	C:\WINDOWS\system32\GDI32.dll
0x754e0000 - 0x756bb000 	C:\Program Files\MATLAB\R2011b\bin\win32\libmwservices.dll
0x7db50000 - 0x7dbd2000 	C:\Program Files\MATLAB\R2011b\bin\win32\libmx.dll
0x73730000 - 0x73744000 	C:\Program Files\MATLAB\R2011b\bin\win32\zlib1.dll
0x7e800000 - 0x7e8f6000 	C:\Program Files\MATLAB\R2011b\bin\win32\libmwmathutil.dll
0x7df40000 - 0x7df76000 	C:\Program Files\MATLAB\R2011b\bin\win32\mpath.dll
0x72990000 - 0x72ccd000 	C:\Program Files\MATLAB\R2011b\bin\win32\mlutil.dll
0x7d670000 - 0x7d6cc000 	C:\Program Files\MATLAB\R2011b\bin\win32\xmlcore.dll
0x71cf0000 - 0x71ea2000 	C:\Program Files\MATLAB\R2011b\bin\win32\xerces-c_2_7.dll
0x71ab0000 - 0x71ac7000 	C:\WINDOWS\system32\WS2_32.dll
0x71aa0000 - 0x71aa8000 	C:\WINDOWS\system32\WS2HELP.dll
0x01bf0000 - 0x01c01000 	C:\Program Files\MATLAB\R2011b\bin\win32\libmwsettings_res.dll
0x01c20000 - 0x01c59000 	C:\Program Files\MATLAB\R2011b\bin\win32\boost_serialization-vc90-mt-1_44.dll
0x01c70000 - 0x01ca3000 	C:\Program Files\MATLAB\R2011b\bin\win32\tbb.dll
0x7c9c0000 - 0x7d1d7000 	C:\WINDOWS\system32\SHELL32.dll
0x77f60000 - 0x77fd6000 	C:\WINDOWS\system32\SHLWAPI.dll
0x01cc0000 - 0x01d5a000 	C:\WINDOWS\system32\COMCTL32.dll
0x763b0000 - 0x763f9000 	C:\WINDOWS\system32\COMDLG32.dll
0x01d60000 - 0x01db5000 	C:\WINDOWS\system32\NETAPI32.dll
0x774e0000 - 0x7761e000 	C:\WINDOWS\system32\ole32.dll
0x77120000 - 0x771ab000 	C:\WINDOWS\system32\OLEAUT32.dll
0x7f270000 - 0x7f300000 	C:\Program Files\MATLAB\R2011b\bin\win32\mcr.dll
0x01dd0000 - 0x02045000 	C:\Program Files\MATLAB\R2011b\bin\win32\iqm.dll
0x7b920000 - 0x7bdf1000 	C:\Program Files\MATLAB\R2011b\bin\win32\m_interpreter.dll
0x02070000 - 0x02081000 	C:\Program Files\MATLAB\R2011b\bin\win32\libmex.dll
0x7f630000 - 0x7f6a8000 	C:\Program Files\MATLAB\R2011b\bin\win32\m_dispatcher.dll
0x7f130000 - 0x7f1ec000 	C:\Program Files\MATLAB\R2011b\bin\win32\boost_regex-vc90-mt-1_44.dll
0x7d8b0000 - 0x7d90c000 	C:\Program Files\MATLAB\R2011b\bin\win32\profiler.dll
0x734f0000 - 0x73517000 	C:\Program Files\MATLAB\R2011b\bin\win32\libmwmathrng.dll
0x7c390000 - 0x7c426000 	C:\Program Files\MATLAB\R2011b\bin\win32\libmwmathcore.dll
0x7e000000 - 0x7e04b000 	C:\Program Files\MATLAB\R2011b\bin\win32\libmwspmatrix.dll
0x7dbf0000 - 0x7dc3b000 	C:\Program Files\MATLAB\R2011b\bin\win32\libmwcholmod.dll
0x02110000 - 0x0211b000 	C:\Program Files\MATLAB\R2011b\bin\win32\libmwamd.dll
0x73e80000 - 0x73e8a000 	C:\Program Files\MATLAB\R2011b\bin\win32\libmwcolamd.dll
0x02140000 - 0x02151000 	C:\Program Files\MATLAB\R2011b\bin\win32\libmwblas.dll
0x02170000 - 0x0217e000 	C:\Program Files\MATLAB\R2011b\bin\win32\libmwbinder.dll
0x73ea0000 - 0x73ea9000 	C:\Program Files\MATLAB\R2011b\bin\win32\libmwompwrapper.dll
0x021a0000 - 0x021d8000 	C:\Program Files\MATLAB\R2011b\bin\win32\libmwlapack.dll
0x73bf0000 - 0x73c05000 	C:\Program Files\MATLAB\R2011b\bin\win32\m_pcodeio.dll
0x7e080000 - 0x7e0ca000 	C:\Program Files\MATLAB\R2011b\bin\win32\m_ir.dll
0x70000000 - 0x7052c000 	C:\Program Files\MATLAB\R2011b\bin\win32\m_parser.dll
0x02220000 - 0x02232000 	C:\Program Files\MATLAB\R2011b\bin\win32\ir_xfmr.dll
0x72390000 - 0x7252f000 	C:\Program Files\MATLAB\R2011b\bin\win32\mcos.dll
0x73e90000 - 0x73e9a000 	C:\Program Files\MATLAB\R2011b\bin\win32\mtok.dll
0x02270000 - 0x02294000 	C:\Program Files\MATLAB\R2011b\bin\win32\m_pcodegen.dll
0x7e1c0000 - 0x7e1e7000 	C:\Program Files\MATLAB\R2011b\bin\win32\libmwbridge.dll
0x7f390000 - 0x7f421000 	C:\Program Files\MATLAB\R2011b\bin\win32\udd.dll
0x7e6f0000 - 0x7e7f6000 	C:\Program Files\MATLAB\R2011b\bin\win32\libmwgui.dll
0x73c10000 - 0x73c22000 	C:\Program Files\MATLAB\R2011b\bin\win32\graphics_util.dll
0x022f0000 - 0x0293a000 	C:\Program Files\MATLAB\R2011b\bin\win32\hg.dll
0x02950000 - 0x0298d000 	C:\Program Files\MATLAB\R2011b\bin\win32\libmat.dll
0x75d10000 - 0x75ef5000 	C:\Program Files\MATLAB\R2011b\bin\win32\hdf5dll.dll
0x7d9d0000 - 0x7da34000 	C:\Program Files\MATLAB\R2011b\bin\win32\jmi.dll
0x029c0000 - 0x029cb000 	C:\Program Files\MATLAB\R2011b\bin\win32\nativejava_services.dll
0x732b0000 - 0x732e1000 	C:\Program Files\MATLAB\R2011b\bin\win32\libmwhardcopy.dll
0x7de70000 - 0x7deb4000 	C:\Program Files\MATLAB\R2011b\bin\win32\libuij.dll
0x02a00000 - 0x02b53000 	C:\Program Files\MATLAB\R2011b\bin\win32\hgdatatypes.dll
0x7d2e0000 - 0x7d382000 	C:\Program Files\MATLAB\R2011b\bin\win32\hgutils.dll
0x02b80000 - 0x02c06000 	C:\Program Files\MATLAB\R2011b\bin\win32\udd_mi.dll
0x74dc0000 - 0x75056000 	C:\Program Files\MATLAB\R2011b\bin\win32\uiw.dll
0x73ee0000 - 0x73eed000 	C:\Program Files\MATLAB\R2011b\bin\win32\uinone.dll
0x71b20000 - 0x71b32000 	C:\WINDOWS\system32\MPR.dll
0x785e0000 - 0x7897c000 	C:\WINDOWS\WinSxS\x86_Microsoft.VC90.MFC_1fc8b3b9a1e18e3b_9.0.30729.5054_x-ww_d385e0cc\mfc90.dll
0x76380000 - 0x76385000 	C:\WINDOWS\system32\MSIMG32.dll
0x02c40000 - 0x02c66000 	C:\WINDOWS\system32\WINSPOOL.DRV
0x73710000 - 0x73728000 	C:\Program Files\MATLAB\R2011b\bin\win32\mwoles05.DLL
0x7dc40000 - 0x7dc8f000 	C:\Program Files\MATLAB\R2011b\bin\win32\comcli.dll
0x78e20000 - 0x78e4b000 	C:\WINDOWS\WinSxS\x86_Microsoft.VC90.ATL_1fc8b3b9a1e18e3b_9.0.30729.5054_x-ww_633f5b3b\ATL90.DLL
0x02c90000 - 0x02c99000 	C:\Program Files\MATLAB\R2011b\bin\win32\mlautoregister.dll
0x02cb0000 - 0x02cbd000 	C:\Program Files\MATLAB\R2011b\bin\win32\boost_iostreams-vc90-mt-1_44.dll
0x76390000 - 0x763ad000 	C:\WINDOWS\system32\IMM32.DLL
0x773d0000 - 0x774d3000 	C:\WINDOWS\WinSxS\x86_Microsoft.Windows.Common-Controls_6595b64144ccf1df_6.0.2600.6028_x-ww_61e65202\comctl32.dll
0x03830000 - 0x03868000 	C:\WINDOWS\system32\UxTheme.dll
0x03610000 - 0x0361d000 	C:\WINDOWS\WinSxS\x86_Microsoft.VC90.MFCLOC_1fc8b3b9a1e18e3b_9.0.30729.5054_x-ww_4406548c\MFC90ENU.DLL
0x02cd0000 - 0x02ced000 	C:\Program Files\MATLAB\R2011b\bin\win32\tbbmalloc.dll
0x038a0000 - 0x038ad000 	C:\Program Files\MATLAB\R2011b\bin\win32\xmlxrcsc.dll
0x74720000 - 0x7476c000 	C:\WINDOWS\system32\MSCTF.dll
0x77b40000 - 0x77b62000 	C:\WINDOWS\system32\apphelp.dll
0x03920000 - 0x0394e000 	C:\WINDOWS\system32\msctfime.ime
0x74290000 - 0x74294000 	C:\WINDOWS\system32\icmp.Dll
0x76d60000 - 0x76d79000 	C:\WINDOWS\system32\iphlpapi.dll
0x71a50000 - 0x71a8f000 	C:\WINDOWS\System32\mswsock.dll
0x76f20000 - 0x76f47000 	C:\WINDOWS\system32\DNSAPI.dll
0x76fb0000 - 0x76fb8000 	C:\WINDOWS\System32\winrnr.dll
0x76f60000 - 0x76f8c000 	C:\WINDOWS\system32\WLDAP32.dll
0x039d0000 - 0x039d8000 	C:\Program Files\National Instruments\Shared\mDNS Responder\nimdnsNSP.dll
0x039f0000 - 0x039f9000 	C:\WINDOWS\system32\nimdnsResponder.dll
0x76fc0000 - 0x76fc6000 	C:\WINDOWS\system32\rasadhlp.dll
0x03a10000 - 0x03a68000 	C:\WINDOWS\system32\hnetcfg.dll
0x71a90000 - 0x71a98000 	C:\WINDOWS\System32\wshtcpip.dll
0x74b30000 - 0x74dbb000 	C:\Program Files\MATLAB\R2011b\sys\java\jre\win32\jre\bin\client\jvm.dll
0x76b40000 - 0x76b6d000 	C:\WINDOWS\system32\WINMM.dll
0x7d910000 - 0x7d966000 	C:\Program Files\MATLAB\R2011b\bin\win32\MSVCR71.dll
0x03b80000 - 0x03b8c000 	C:\Program Files\MATLAB\R2011b\sys\java\jre\win32\jre\bin\verify.dll
0x73570000 - 0x7358f000 	C:\Program Files\MATLAB\R2011b\sys\java\jre\win32\jre\bin\java.dll
0x73f40000 - 0x73f48000 	C:\Program Files\MATLAB\R2011b\sys\java\jre\win32\jre\bin\hpi.dll
0x03cc0000 - 0x03ccf000 	C:\Program Files\MATLAB\R2011b\sys\java\jre\win32\jre\bin\zip.dll
0x7daf0000 - 0x7db44000 	C:\Program Files\MATLAB\R2011b\sys\java\jre\win32\jre\bin\fontmanager.dll
0x0b440000 - 0x0b58a000 	C:\Program Files\MATLAB\R2011b\sys\java\jre\win32\jre\bin\awt.dll

VM Arguments:
jvm_args: -Xss512k -XX:PermSize=32m -Xms64m -XX:NewRatio=3 -XX:MaxPermSize=64m -Xmx128m -XX:MaxDirectMemorySize=1200000000 -Dsun.java2d.noddraw=true -Dsun.awt.nopixfmt=true -Xshare:off -Xrs -Dsun.awt.disableMixing=true -Djava.library.path=C:\Program Files\MATLAB\R2011b\bin\win32 vfprintf abort 
java_command: <unknown>
Launcher Type: generic

Environment Variables:
PATH=C:\Program Files\Windows Resource Kits\Tools\;C:\WINDOWS\system32;C:\WINDOWS;C:\WINDOWS\system32\wbem;c:\program files\common files\roxio shared\dllshared\;c:\program files\common files\roxio shared\9.0\dllshared\;c:\program files\subversion\bin;C:\Program Files\WinMerge;C:\WINDOWS\system32\WindowsPowerShell\v1.0;C:\Program Files\Common Files\GTK\2.0\bin;C:\SFU\common\;C:\VXIPNP\WINNT\BIN;C:\VXIPNP\WINNT\TekVISA\BIN;C:\Program Files\MATLAB\R2011b\runtime\win32;C:\Program Files\MATLAB\R2011b\bin;C:\Program Files\MATLAB\R2010b\runtime\win32;C:\Program Files\MATLAB\R2010b\bin;C:\Program Files\IVI Foundation\VISA\WinNT\Bin\;C:\Program Files\IVI Foundation\IVI\bin;C:\PROGRA~1\IVIFOU~1\VISA\WinNT\Bin;C:\Program Files\IVI Foundation\VISA\WinNT\Bin
USERNAME=maquina
OS=Windows_NT
PROCESSOR_IDENTIFIER=x86 Family 6 Model 15 Stepping 11, GenuineIntel



---------------  S Y S T E M  ---------------

OS: Windows XP Build 2600 Service Pack 3

CPU:total 4 (4 cores per cpu, 1 threads per core) family 6 model 15 stepping 11, cmov, cx8, fxsr, mmx, sse, sse2, sse3, ssse3

Memory: 4k page, physical 2094636k(1019092k free), swap 4030628k(2485796k free)

vm_info: Java HotSpot(TM) Client VM (14.3-b01) for windows-x86 JRE (1.6.0_17-b04), built on Oct 11 2009 00:52:06 by "java_re" with MS VC++ 7.1

time: Mon Apr 28 09:33:13 2014
elapsed time: 5445 seconds

